<?xml version="1.0" encoding="UTF-8"?>
<testng-results ignored="0" total="1" passed="1" failed="0" skipped="0">
  <reporter-output>
  </reporter-output>
  <suite started-at="2025-07-16T19:53:38 IST" name="Default suite" finished-at="2025-07-16T19:54:10 IST" duration-ms="31886">
    <groups>
      <group name="regressionTest">
        <method signature="CreateOrganizationTest.createOrganizationTest()[pri:0, instance:Organization.CreateOrganizationTest@15ca7889]" name="createOrganizationTest" class="Organization.CreateOrganizationTest"/>
      </group> <!-- regressionTest -->
      <group name="smokeTest">
        <method signature="CreateOrganizationTest.createOrganizationTest()[pri:0, instance:Organization.CreateOrganizationTest@15ca7889]" name="createOrganizationTest" class="Organization.CreateOrganizationTest"/>
      </group> <!-- smokeTest -->
    </groups>
    <test started-at="2025-07-16T19:53:38 IST" name="Default test" finished-at="2025-07-16T19:54:10 IST" duration-ms="31886">
      <class name="Organization.CreateOrganizationTest">
        <test-method is-config="true" signature="BS()[pri:0, instance:Organization.CreateOrganizationTest@15ca7889]" started-at="2025-07-16T19:53:38 IST" name="BS" finished-at="2025-07-16T19:53:38 IST" duration-ms="12" status="PASS">
          <reporter-output>
          </reporter-output>
        </test-method> <!-- BS -->
        <test-method is-config="true" signature="BT()[pri:0, instance:Organization.CreateOrganizationTest@15ca7889]" started-at="2025-07-16T19:53:38 IST" name="BT" finished-at="2025-07-16T19:53:38 IST" duration-ms="1" status="PASS">
          <reporter-output>
          </reporter-output>
        </test-method> <!-- BT -->
        <test-method is-config="true" signature="BC()[pri:0, instance:Organization.CreateOrganizationTest@15ca7889]" started-at="2025-07-16T19:53:38 IST" name="BC" finished-at="2025-07-16T19:53:40 IST" duration-ms="2261" status="PASS">
          <reporter-output>
          </reporter-output>
        </test-method> <!-- BC -->
        <test-method is-config="true" signature="BM()[pri:0, instance:Organization.CreateOrganizationTest@15ca7889]" started-at="2025-07-16T19:53:40 IST" name="BM" finished-at="2025-07-16T19:53:45 IST" duration-ms="5358" status="PASS">
          <reporter-output>
          </reporter-output>
        </test-method> <!-- BM -->
        <test-method signature="createOrganizationTest()[pri:0, instance:Organization.CreateOrganizationTest@15ca7889]" started-at="2025-07-16T19:53:45 IST" name="createOrganizationTest" finished-at="2025-07-16T19:54:06 IST" duration-ms="20837" status="PASS">
          <reporter-output>
          </reporter-output>
        </test-method> <!-- createOrganizationTest -->
        <test-method is-config="true" signature="AM()[pri:0, instance:Organization.CreateOrganizationTest@15ca7889]" started-at="2025-07-16T19:54:06 IST" name="AM" finished-at="2025-07-16T19:54:09 IST" duration-ms="2633" status="PASS">
          <reporter-output>
          </reporter-output>
        </test-method> <!-- AM -->
        <test-method is-config="true" signature="AC()[pri:0, instance:Organization.CreateOrganizationTest@15ca7889]" started-at="2025-07-16T19:54:09 IST" name="AC" finished-at="2025-07-16T19:54:10 IST" duration-ms="702" status="PASS">
          <reporter-output>
          </reporter-output>
        </test-method> <!-- AC -->
        <test-method is-config="true" signature="AT()[pri:0, instance:Organization.CreateOrganizationTest@15ca7889]" started-at="2025-07-16T19:54:10 IST" name="AT" finished-at="2025-07-16T19:54:10 IST" duration-ms="0" status="PASS">
          <reporter-output>
          </reporter-output>
        </test-method> <!-- AT -->
        <test-method is-config="true" signature="AS()[pri:0, instance:Organization.CreateOrganizationTest@15ca7889]" started-at="2025-07-16T19:54:10 IST" name="AS" finished-at="2025-07-16T19:54:10 IST" duration-ms="0" status="PASS">
          <reporter-output>
          </reporter-output>
        </test-method> <!-- AS -->
      </class> <!-- Organization.CreateOrganizationTest -->
    </test> <!-- Default test -->
  </suite> <!-- Default suite -->
</testng-results>
